This file contains any messages produced by compilers while
running configure, to aid debugging if configure makes a mistake.

It was created by configure, which was
generated by GNU Autoconf 2.57.  Invocation command line was

  $ ./configure 

## --------- ##
## Platform. ##
## --------- ##

hostname = Leonardo-Mac.local
uname -m = x86_64
uname -r = 18.6.0
uname -s = Darwin
uname -v = Darwin Kernel Version 18.6.0: Thu Apr 25 23:16:27 PDT 2019; root:xnu-4903.261.4~2/RELEASE_X86_64

/usr/bin/uname -p = i386
/bin/uname -X     = unknown

/bin/arch              = unknown
/usr/bin/arch -k       = unknown
/usr/convex/getsysinfo = unknown
hostinfo               = Mach kernel version:
	 Darwin Kernel Version 18.6.0: Thu Apr 25 23:16:27 PDT 2019; root:xnu-4903.261.4~2/RELEASE_X86_64
Kernel configured for up to 8 processors.
4 processors are physically available.
8 processors are logically available.
Processor type: x86_64h (Intel x86-64h Haswell)
Processors active: 0 1 2 3 4 5 6 7
Primary memory available: 16.00 gigabytes
Default processor set: 419 tasks, 1990 threads, 8 processors
Load average: 1.54, Mach factor: 6.45
/bin/machine           = unknown
/usr/bin/oslevel       = unknown
/bin/universe          = unknown

PATH: /usr/local/bin
PATH: /usr/bin
PATH: /bin
PATH: /usr/sbin
PATH: /sbin
PATH: /Library/TeX/texbin


## ----------- ##
## Core tests. ##
## ----------- ##

configure:1511: checking build system type
configure:1529: result: i386-apple-darwin18.6.0
configure:1537: checking host system type
configure:1551: result: i386-apple-darwin18.6.0
configure:1559: checking target system type
configure:1573: result: i386-apple-darwin18.6.0
configure:1619: checking for a BSD-compatible install
configure:1673: result: /usr/bin/install -c
configure:1688: checking for -p flag to install
configure:1701: result: yes
configure:1712: checking whether build environment is sane
configure:1755: result: yes
configure:1775: checking for gawk
configure:1804: result: no
configure:1775: checking for mawk
configure:1804: result: no
configure:1775: checking for nawk
configure:1804: result: no
configure:1775: checking for awk
configure:1791: found /usr/bin/awk
configure:1801: result: awk
configure:1811: checking whether make sets $(MAKE)
configure:1831: result: yes
configure:2044: checking for style of include used by make
configure:2072: result: GNU
configure:2219: checking for gcc
configure:2235: found /usr/bin/gcc
configure:2245: result: gcc
configure:2489: checking for C compiler version
configure:2492: gcc --version </dev/null >&5
Configured with: --prefix=/Applications/Xcode.app/Contents/Developer/usr --with-gxx-include-dir=/usr/include/c++/4.2.1
Apple LLVM version 10.0.1 (clang-1001.0.46.4)
Target: x86_64-apple-darwin18.6.0
Thread model: posix
InstalledDir: /Applications/Xcode.app/Contents/Developer/Toolchains/XcodeDefault.xctoolchain/usr/bin
configure:2495: $? = 0
configure:2497: gcc -v </dev/null >&5
Configured with: --prefix=/Applications/Xcode.app/Contents/Developer/usr --with-gxx-include-dir=/usr/include/c++/4.2.1
Apple LLVM version 10.0.1 (clang-1001.0.46.4)
Target: x86_64-apple-darwin18.6.0
Thread model: posix
InstalledDir: /Applications/Xcode.app/Contents/Developer/Toolchains/XcodeDefault.xctoolchain/usr/bin
configure:2500: $? = 0
configure:2502: gcc -V </dev/null >&5
clang: error: unsupported option '-V -Wno-atomic-implicit-seq-cst'
clang: error: no input files
configure:2505: $? = 1
configure:2529: checking for C compiler default output
configure:2532: gcc     conftest.c  >&5
configure:2535: $? = 0
configure:2581: result: a.out
configure:2586: checking whether the C compiler works
configure:2592: ./a.out
configure:2595: $? = 0
configure:2612: result: yes
configure:2619: checking whether we are cross compiling
configure:2621: result: no
configure:2624: checking for suffix of executables
configure:2626: gcc -o conftest     conftest.c  >&5
configure:2629: $? = 0
configure:2654: result: 
configure:2660: checking for suffix of object files
configure:2682: gcc -c    conftest.c >&5
configure:2685: $? = 0
configure:2707: result: o
configure:2711: checking whether we are using the GNU C compiler
configure:2736: gcc -c    conftest.c >&5
configure:2739: $? = 0
configure:2742: test -s conftest.o
configure:2745: $? = 0
configure:2758: result: yes
configure:2764: checking whether gcc accepts -g
configure:2786: gcc -c -g  conftest.c >&5
configure:2789: $? = 0
configure:2792: test -s conftest.o
configure:2795: $? = 0
configure:2806: result: yes
configure:2823: checking for gcc option to accept ANSI C
configure:2884: gcc  -c    conftest.c >&5
configure:2887: $? = 0
configure:2890: test -s conftest.o
configure:2893: $? = 0
configure:2911: result: none needed
configure:2929: gcc -c    conftest.c >&5
conftest.c:2:3: error: unknown type name 'choke'
  choke me
  ^
conftest.c:2:11: error: expected ';' after top level declarator
  choke me
          ^
          ;
2 errors generated.
configure:2932: $? = 1
configure: failed program was:
| #ifndef __cplusplus
|   choke me
| #endif
configure:3043: checking dependency style of gcc
configure:3126: result: gcc3
configure:3149: checking how to run the C preprocessor
configure:3185: gcc -E  conftest.c
configure:3191: $? = 0
configure:3223: gcc -E  conftest.c
conftest.c:12:10: fatal error: 'ac_nonexistent.h' file not found
#include <ac_nonexistent.h>
         ^~~~~~~~~~~~~~~~~~
1 error generated.
configure:3229: $? = 1
configure: failed program was:
| /* #line 3214 "configure" */
| /* confdefs.h.  */
| 
| #define PACKAGE_NAME ""
| #define PACKAGE_TARNAME ""
| #define PACKAGE_VERSION ""
| #define PACKAGE_STRING ""
| #define PACKAGE_BUGREPORT ""
| #define PACKAGE "tuxsaver"
| #define VERSION "1.0"
| /* end confdefs.h.  */
| #include <ac_nonexistent.h>
configure:3267: result: gcc -E
configure:3292: gcc -E  conftest.c
configure:3298: $? = 0
configure:3330: gcc -E  conftest.c
conftest.c:12:10: fatal error: 'ac_nonexistent.h' file not found
#include <ac_nonexistent.h>
         ^~~~~~~~~~~~~~~~~~
1 error generated.
configure:3336: $? = 1
configure: failed program was:
| /* #line 3321 "configure" */
| /* confdefs.h.  */
| 
| #define PACKAGE_NAME ""
| #define PACKAGE_TARNAME ""
| #define PACKAGE_VERSION ""
| #define PACKAGE_STRING ""
| #define PACKAGE_BUGREPORT ""
| #define PACKAGE "tuxsaver"
| #define VERSION "1.0"
| /* end confdefs.h.  */
| #include <ac_nonexistent.h>
configure:3459: checking for g++
configure:3475: found /usr/bin/g++
configure:3485: result: g++
configure:3501: checking for C++ compiler version
configure:3504: g++ --version </dev/null >&5
Configured with: --prefix=/Applications/Xcode.app/Contents/Developer/usr --with-gxx-include-dir=/usr/include/c++/4.2.1
Apple LLVM version 10.0.1 (clang-1001.0.46.4)
Target: x86_64-apple-darwin18.6.0
Thread model: posix
InstalledDir: /Applications/Xcode.app/Contents/Developer/Toolchains/XcodeDefault.xctoolchain/usr/bin
configure:3507: $? = 0
configure:3509: g++ -v </dev/null >&5
Configured with: --prefix=/Applications/Xcode.app/Contents/Developer/usr --with-gxx-include-dir=/usr/include/c++/4.2.1
Apple LLVM version 10.0.1 (clang-1001.0.46.4)
Target: x86_64-apple-darwin18.6.0
Thread model: posix
InstalledDir: /Applications/Xcode.app/Contents/Developer/Toolchains/XcodeDefault.xctoolchain/usr/bin
configure:3512: $? = 0
configure:3514: g++ -V </dev/null >&5
clang: error: unsupported option '-V -Wno-atomic-implicit-seq-cst'
clang: error: no input files
configure:3517: $? = 1
configure:3520: checking whether we are using the GNU C++ compiler
configure:3545: g++ -c    conftest.cc >&5
configure:3548: $? = 0
configure:3551: test -s conftest.o
configure:3554: $? = 0
configure:3567: result: yes
configure:3573: checking whether g++ accepts -g
configure:3595: g++ -c -g  conftest.cc >&5
configure:3598: $? = 0
configure:3601: test -s conftest.o
configure:3604: $? = 0
configure:3615: result: yes
configure:3659: g++ -c    conftest.cc >&5
configure:3662: $? = 0
configure:3665: test -s conftest.o
configure:3668: $? = 0
configure:3695: g++ -c    conftest.cc >&5
conftest.cc:16:1: error: use of undeclared identifier 'exit'
exit (42);
^
1 error generated.
configure:3698: $? = 1
configure: failed program was:
| /* #line 3678 "configure" */
| /* confdefs.h.  */
| 
| #define PACKAGE_NAME ""
| #define PACKAGE_TARNAME ""
| #define PACKAGE_VERSION ""
| #define PACKAGE_STRING ""
| #define PACKAGE_BUGREPORT ""
| #define PACKAGE "tuxsaver"
| #define VERSION "1.0"
| /* end confdefs.h.  */
| 
| int
| main ()
| {
| exit (42);
|   ;
|   return 0;
| }
configure:3659: g++ -c    conftest.cc >&5
configure:3662: $? = 0
configure:3665: test -s conftest.o
configure:3668: $? = 0
configure:3695: g++ -c    conftest.cc >&5
configure:3698: $? = 0
configure:3701: test -s conftest.o
configure:3704: $? = 0
configure:3729: checking dependency style of g++
configure:3812: result: gcc3
configure:4186: checking whether g++ supports -Wundef
configure:4223: rm -rf SunWS_cache; g++ -o conftest -Wall -pedantic -W -Wpointer-arith -Wwrite-strings -O2   -Wundef   conftest.cc  1>&5
configure:4226: $? = 0
configure:4229: test -s conftest
configure:4232: $? = 0
configure:4252: result: yes
configure:4264: checking whether g++ supports -Wno-long-long
configure:4301: rm -rf SunWS_cache; g++ -o conftest -Wundef -Wall -pedantic -W -Wpointer-arith -Wwrite-strings -O2   -Wno-long-long   conftest.cc  1>&5
configure:4304: $? = 0
configure:4307: test -s conftest
configure:4310: $? = 0
configure:4330: result: yes
configure:4342: checking whether g++ supports -Wnon-virtual-dtor
configure:4379: rm -rf SunWS_cache; g++ -o conftest -Wno-long-long -Wundef -Wall -pedantic -W -Wpointer-arith -Wwrite-strings -O2   -Wnon-virtual-dtor   conftest.cc  1>&5
configure:4382: $? = 0
configure:4385: test -s conftest
configure:4388: $? = 0
configure:4408: result: yes
configure:4428: checking whether g++ supports -fno-exceptions
configure:4465: rm -rf SunWS_cache; g++ -o conftest -Wnon-virtual-dtor -Wno-long-long -Wundef -Wall -pedantic -W -Wpointer-arith -Wwrite-strings -O2   -fno-exceptions   conftest.cc  1>&5
configure:4468: $? = 0
configure:4471: test -s conftest
configure:4474: $? = 0
configure:4494: result: yes
configure:4506: checking whether g++ supports -fno-check-new
configure:4543: rm -rf SunWS_cache; g++ -o conftest -Wnon-virtual-dtor -Wno-long-long -Wundef -Wall -pedantic -W -Wpointer-arith -Wwrite-strings -O2   -fno-exceptions -fno-check-new   conftest.cc  1>&5
configure:4546: $? = 0
configure:4549: test -s conftest
configure:4552: $? = 0
configure:4572: result: yes
configure:4584: checking whether g++ supports -fno-common
configure:4621: rm -rf SunWS_cache; g++ -o conftest -Wnon-virtual-dtor -Wno-long-long -Wundef -Wall -pedantic -W -Wpointer-arith -Wwrite-strings -O2   -fno-exceptions -fno-check-new -fno-common   conftest.cc  1>&5
configure:4624: $? = 0
configure:4627: test -s conftest
configure:4630: $? = 0
configure:4650: result: yes
configure:4662: checking whether g++ supports -fexceptions
configure:4699: rm -rf SunWS_cache; g++ -o conftest -Wnon-virtual-dtor -Wno-long-long -Wundef -Wall -pedantic -W -Wpointer-arith -Wwrite-strings -O2   -fno-exceptions -fno-check-new -fno-common -fexceptions   conftest.cc  1>&5
configure:4702: $? = 0
configure:4705: test -s conftest
configure:4708: $? = 0
configure:4728: result: yes
configure:5329: checking how to run the C++ preprocessor
configure:5361: g++ -E  conftest.cc
configure:5367: $? = 0
configure:5399: g++ -E  conftest.cc
conftest.cc:15:10: fatal error: 'ac_nonexistent.h' file not found
#include <ac_nonexistent.h>
         ^~~~~~~~~~~~~~~~~~
1 error generated.
configure:5405: $? = 1
configure: failed program was:
| /* #line 5390 "configure" */
| /* confdefs.h.  */
| 
| #define PACKAGE_NAME ""
| #define PACKAGE_TARNAME ""
| #define PACKAGE_VERSION ""
| #define PACKAGE_STRING ""
| #define PACKAGE_BUGREPORT ""
| #define PACKAGE "tuxsaver"
| #define VERSION "1.0"
| #ifdef __cplusplus
| #include <stdlib.h>
| #endif
| /* end confdefs.h.  */
| #include <ac_nonexistent.h>
configure:5443: result: g++ -E
configure:5468: g++ -E  conftest.cc
configure:5474: $? = 0
configure:5506: g++ -E  conftest.cc
conftest.cc:15:10: fatal error: 'ac_nonexistent.h' file not found
#include <ac_nonexistent.h>
         ^~~~~~~~~~~~~~~~~~
1 error generated.
configure:5512: $? = 1
configure: failed program was:
| /* #line 5497 "configure" */
| /* confdefs.h.  */
| 
| #define PACKAGE_NAME ""
| #define PACKAGE_TARNAME ""
| #define PACKAGE_VERSION ""
| #define PACKAGE_STRING ""
| #define PACKAGE_BUGREPORT ""
| #define PACKAGE "tuxsaver"
| #define VERSION "1.0"
| #ifdef __cplusplus
| #include <stdlib.h>
| #endif
| /* end confdefs.h.  */
| #include <ac_nonexistent.h>
configure:5559: checking whether g++ supports -O0
configure:5596: rm -rf SunWS_cache; g++ -o conftest -Wnon-virtual-dtor -Wno-long-long -Wundef -Wall -pedantic -W -Wpointer-arith -Wwrite-strings -O2 -fno-exceptions -fno-check-new -fno-common -O0   conftest.cc  1>&5
configure:5599: $? = 0
configure:5602: test -s conftest
configure:5605: $? = 0
configure:5625: result: yes
configure:5921: result: not using lib directory suffix
configure:5977: checking for ld used by GCC
configure:6041: result: /Applications/Xcode.app/Contents/Developer/Toolchains/XcodeDefault.xctoolchain/usr/bin/ld
configure:6050: checking if the linker (/Applications/Xcode.app/Contents/Developer/Toolchains/XcodeDefault.xctoolchain/usr/bin/ld) is GNU ld
configure:6062: result: no
configure:6067: checking for /Applications/Xcode.app/Contents/Developer/Toolchains/XcodeDefault.xctoolchain/usr/bin/ld option to reload object files
configure:6074: result: -r
configure:6083: checking for BSD-compatible nm
configure:6118: result: /usr/bin/nm -B
configure:6122: checking for a sed that does not truncate output
configure:6198: result: 
configure:6201: checking whether ln -s works
configure:6205: result: yes
configure:6212: checking how to recognise dependant libraries
configure:6402: result: file_magic Mach-O dynamically linked shared library
configure:6561: checking for egrep
configure:6571: result: grep -E
configure:6576: checking for ANSI C header files
configure:6602: gcc -c -O2    conftest.c >&5
configure:6605: $? = 0
configure:6608: test -s conftest.o
configure:6611: $? = 0
configure:6703: gcc -o conftest -O2     conftest.c  >&5
conftest.c:33:7: warning: implicitly declaring library function 'exit' with type 'void (int) __attribute__((noreturn))' [-Wimplicit-function-declaration]
      exit(2);
      ^
conftest.c:33:7: note: include the header <stdlib.h> or explicitly provide a declaration for 'exit'
1 warning generated.
configure:6706: $? = 0
configure:6708: ./conftest
configure:6711: $? = 0
configure:6726: result: yes
configure:6750: checking for sys/types.h
configure:6767: gcc -c -O2    conftest.c >&5
configure:6770: $? = 0
configure:6773: test -s conftest.o
configure:6776: $? = 0
configure:6787: result: yes
configure:6750: checking for sys/stat.h
configure:6767: gcc -c -O2    conftest.c >&5
configure:6770: $? = 0
configure:6773: test -s conftest.o
configure:6776: $? = 0
configure:6787: result: yes
configure:6750: checking for stdlib.h
configure:6767: gcc -c -O2    conftest.c >&5
configure:6770: $? = 0
configure:6773: test -s conftest.o
configure:6776: $? = 0
configure:6787: result: yes
configure:6750: checking for string.h
configure:6767: gcc -c -O2    conftest.c >&5
configure:6770: $? = 0
configure:6773: test -s conftest.o
configure:6776: $? = 0
configure:6787: result: yes
configure:6750: checking for memory.h
configure:6767: gcc -c -O2    conftest.c >&5
configure:6770: $? = 0
configure:6773: test -s conftest.o
configure:6776: $? = 0
configure:6787: result: yes
configure:6750: checking for strings.h
configure:6767: gcc -c -O2    conftest.c >&5
configure:6770: $? = 0
configure:6773: test -s conftest.o
configure:6776: $? = 0
configure:6787: result: yes
configure:6750: checking for inttypes.h
configure:6767: gcc -c -O2    conftest.c >&5
configure:6770: $? = 0
configure:6773: test -s conftest.o
configure:6776: $? = 0
configure:6787: result: yes
configure:6750: checking for stdint.h
configure:6767: gcc -c -O2    conftest.c >&5
configure:6770: $? = 0
configure:6773: test -s conftest.o
configure:6776: $? = 0
configure:6787: result: yes
configure:6750: checking for unistd.h
configure:6767: gcc -c -O2    conftest.c >&5
configure:6770: $? = 0
configure:6773: test -s conftest.o
configure:6776: $? = 0
configure:6787: result: yes
configure:6813: checking dlfcn.h usability
configure:6826: gcc -c -O2    conftest.c >&5
configure:6829: $? = 0
configure:6832: test -s conftest.o
configure:6835: $? = 0
configure:6845: result: yes
configure:6849: checking dlfcn.h presence
configure:6860: gcc -E  conftest.c
configure:6866: $? = 0
configure:6885: result: yes
configure:6921: checking for dlfcn.h
configure:6928: result: yes
configure:6945: checking the maximum length of command line arguments
configure:6993: result: 65536
configure:7004: checking command to parse /usr/bin/nm -B output from gcc object
configure:7089: gcc -c -O2    conftest.c >&5
configure:7092: $? = 0
configure:7096: /usr/bin/nm -B conftest.o \| sed -n -e 's/^.*[ 	]\([BCDEGRST][BCDEGRST]*\)[ 	][ 	]*\(\)\([_A-Za-z][_A-Za-z0-9]*\)$/\1 \2\3 \3/p' \> conftest.nm
configure:7099: $? = 0
cannot find nm_test_var in conftest.nm
configure:7089: gcc -c -O2    conftest.c >&5
configure:7092: $? = 0
configure:7096: /usr/bin/nm -B conftest.o \| sed -n -e 's/^.*[ 	]\([BCDEGRST][BCDEGRST]*\)[ 	][ 	]*\(_\)\([_A-Za-z][_A-Za-z0-9]*\)$/\1 \2\3 \3/p' \> conftest.nm
configure:7099: $? = 0
configure:7151: gcc -o conftest -O2     conftest.c conftstm.o >&5
configure:7154: $? = 0
configure:7192: result: ok
configure:7196: checking for objdir
configure:7211: result: .libs
configure:7301: checking for ranlib
configure:7317: found /usr/bin/ranlib
configure:7328: result: ranlib
configure:7381: checking for strip
configure:7397: found /usr/bin/strip
configure:7408: result: strip
configure:7671: checking if gcc static flag  works
conftest.c:1:1: warning: type specifier missing, defaults to 'int' [-Wimplicit-int]
main(){return(0);}
^
1 warning generated.
configure:7694: result: no
configure:7711: checking if gcc supports -fno-rtti -fno-exceptions
configure:7735: result: yes
configure:7750: checking for gcc option to produce PIC
configure:7911: result: -fno-common
configure:7918: checking if gcc PIC flag -fno-common works
configure:7942: result: yes
configure:7966: checking if gcc supports -c -o file.o
configure:8007: result: yes
configure:8033: checking whether the gcc linker (/Applications/Xcode.app/Contents/Developer/Toolchains/XcodeDefault.xctoolchain/usr/bin/ld) supports shared libraries
configure:8816: result: yes
configure:8838: checking whether -lc should be explicitly linked in
configure:8843: gcc -c -O2    conftest.c >&5
configure:8846: $? = 0
configure:8860: gcc -dynamiclib  -o conftest conftest.o -v -install_name /conftest  2\>\&1 \| grep  -lc  \>/dev/null 2\>\&1
configure:8863: $? = 1
configure:8875: result: yes
configure:8881: checking how to hardcode library paths into programs
configure:8905: result: immediate
configure:8919: checking whether stripping libraries is possible
configure:8927: result: no
configure:8931: checking dynamic linker characteristics
configure:9383: result: darwin18.6.0 dyld
configure:10036: checking if libtool supports shared libraries
configure:10038: result: yes
configure:10041: checking whether to build shared libraries
configure:10062: result: yes
configure:10065: checking whether to build static libraries
configure:10069: result: no
configure:10148: creating libtool
configure:10873: checking whether the g++ linker (/Applications/Xcode.app/Contents/Developer/Toolchains/XcodeDefault.xctoolchain/usr/bin/ld) supports shared libraries
configure:11538: result: no
configure:11555: g++ -c -Wnon-virtual-dtor -Wno-long-long -Wundef -Wall -pedantic -W -Wpointer-arith -Wwrite-strings -O2 -fno-exceptions -fno-check-new -fno-common  conftest.cc >&5
configure:11558: $? = 0
configure:11658: checking for g++ option to produce PIC
configure:11900: result: -fno-common
configure:11907: checking if g++ PIC flag -fno-common works
configure:11931: result: yes
configure:11955: checking if g++ supports -c -o file.o
configure:11996: result: yes
configure:12022: checking whether the g++ linker (/Applications/Xcode.app/Contents/Developer/Toolchains/XcodeDefault.xctoolchain/usr/bin/ld) supports shared libraries
configure:12044: result: no
configure:12066: checking whether -lc should be explicitly linked in
configure:12071: g++ -c -Wnon-virtual-dtor -Wno-long-long -Wundef -Wall -pedantic -W -Wpointer-arith -Wwrite-strings -O2 -fno-exceptions -fno-check-new -fno-common  conftest.cc >&5
conftest.cc:1:12: warning: unused variable 'dummy' [-Wunused-variable]
static int dummy;
           ^
1 warning generated.
configure:12074: $? = 0
configure:12088: g++ -shared  conftest.o   -v -o conftest 2\>\&1 \| grep  -lc  \>/dev/null 2\>\&1
configure:12091: $? = 1
configure:12103: result: yes
configure:12109: checking how to hardcode library paths into programs
configure:12133: result: immediate
configure:12147: checking whether stripping libraries is possible
configure:12155: result: no
configure:12159: checking dynamic linker characteristics
configure:12611: result: darwin18.6.0 dyld
configure:13680: checking if gcj supports -fno-rtti -fno-exceptions
configure:13704: result: yes
configure:13719: checking for gcj option to produce PIC
configure:13880: result: -fno-common
configure:13887: checking if gcj PIC flag -fno-common works
configure:13911: result: no
configure:13935: checking if gcj supports -c -o file.o
configure:13976: result: no
configure:14002: checking whether the gcj linker (/Applications/Xcode.app/Contents/Developer/Toolchains/XcodeDefault.xctoolchain/usr/bin/ld) supports shared libraries
configure:14785: result: yes
configure:14807: checking whether -lc should be explicitly linked in
configure:14812: gcj -c -O2    conftest.java >&5
./configure: line 14813: gcj: command not found
configure:14815: $? = 127
configure:14844: result: yes
configure:14850: checking how to hardcode library paths into programs
configure:14874: result: immediate
configure:14888: checking whether stripping libraries is possible
configure:14896: result: no
configure:14900: checking dynamic linker characteristics
configure:15352: result: darwin18.6.0 dyld
configure:16897: checking for msgfmt
configure:16924: result: msgfmt
configure:16933: checking for gmsgfmt
configure:16964: result: msgfmt
configure:16973: result: found msgfmt program is not GNU msgfmt; ignore it
configure:16983: checking for xgettext
configure:17010: result: :
configure:17104: checking for strlcat
configure:17153: g++ -c -Wnon-virtual-dtor -Wno-long-long -Wundef -Wall -pedantic -W -Wpointer-arith -Wwrite-strings -O2 -fno-exceptions -fno-check-new -fno-common -pedantic-errors  conftest.cc >&5
configure:17156: $? = 0
configure:17159: test -s conftest.o
configure:17162: $? = 0
configure:17184: result: yes
configure:17187: checking if strlcat needs custom prototype
configure:17281: result: no
configure:17306: checking for strlcpy
configure:17354: g++ -c -Wnon-virtual-dtor -Wno-long-long -Wundef -Wall -pedantic -W -Wpointer-arith -Wwrite-strings -O2 -fno-exceptions -fno-check-new -fno-common -pedantic-errors  conftest.cc >&5
configure:17357: $? = 0
configure:17360: test -s conftest.o
configure:17363: $? = 0
configure:17385: result: yes
configure:17388: checking if strlcpy needs custom prototype
configure:17481: result: no
configure:17511: checking for main in -lutil
configure:17536: gcc -o conftest -O2     conftest.c -lutil   >&5
configure:17539: $? = 0
configure:17542: test -s conftest
configure:17545: $? = 0
configure:17557: result: yes
configure:17563: checking for main in -lcompat
configure:17588: gcc -o conftest -O2     conftest.c -lcompat   >&5
ld: library not found for -lcompat
clang: error: linker command failed with exit code 1 (use -v to see invocation)
configure:17591: $? = 1
configure: failed program was:
| /* #line 17570 "configure" */
| /* confdefs.h.  */
| 
| #define PACKAGE_NAME ""
| #define PACKAGE_TARNAME ""
| #define PACKAGE_VERSION ""
| #define PACKAGE_STRING ""
| #define PACKAGE_BUGREPORT ""
| #define PACKAGE "tuxsaver"
| #define VERSION "1.0"
| #ifdef __cplusplus
| #include <stdlib.h>
| #endif
| #define KDELIBSUFF ""
| #define STDC_HEADERS 1
| #define HAVE_SYS_TYPES_H 1
| #define HAVE_SYS_STAT_H 1
| #define HAVE_STDLIB_H 1
| #define HAVE_STRING_H 1
| #define HAVE_MEMORY_H 1
| #define HAVE_STRINGS_H 1
| #define HAVE_INTTYPES_H 1
| #define HAVE_STDINT_H 1
| #define HAVE_UNISTD_H 1
| #define HAVE_DLFCN_H 1
| #define HAVE_STRLCAT 1
| #define HAVE_STRLCAT_PROTO 1
| #define HAVE_STRLCPY 1
| #define HAVE_STRLCPY_PROTO 1
| /* end confdefs.h.  */
| 
| 
| int
| main ()
| {
| main ();
|   ;
|   return 0;
| }
configure:17609: result: no
configure:17616: checking for crypt in -lcrypt
configure:17647: gcc -o conftest -O2     conftest.c -lcrypt   >&5
ld: library not found for -lcrypt
clang: error: linker command failed with exit code 1 (use -v to see invocation)
configure:17650: $? = 1
configure: failed program was:
| /* #line 17623 "configure" */
| /* confdefs.h.  */
| 
| #define PACKAGE_NAME ""
| #define PACKAGE_TARNAME ""
| #define PACKAGE_VERSION ""
| #define PACKAGE_STRING ""
| #define PACKAGE_BUGREPORT ""
| #define PACKAGE "tuxsaver"
| #define VERSION "1.0"
| #ifdef __cplusplus
| #include <stdlib.h>
| #endif
| #define KDELIBSUFF ""
| #define STDC_HEADERS 1
| #define HAVE_SYS_TYPES_H 1
| #define HAVE_SYS_STAT_H 1
| #define HAVE_STDLIB_H 1
| #define HAVE_STRING_H 1
| #define HAVE_MEMORY_H 1
| #define HAVE_STRINGS_H 1
| #define HAVE_INTTYPES_H 1
| #define HAVE_STDINT_H 1
| #define HAVE_UNISTD_H 1
| #define HAVE_DLFCN_H 1
| #define HAVE_STRLCAT 1
| #define HAVE_STRLCAT_PROTO 1
| #define HAVE_STRLCPY 1
| #define HAVE_STRLCPY_PROTO 1
| /* end confdefs.h.  */
| 
| /* Override any gcc2 internal prototype to avoid an error.  */
| #ifdef __cplusplus
| extern "C"
| #endif
| /* We use char because int might match the return type of a gcc2
|    builtin and then its argument prototype would still apply.  */
| char crypt ();
| int
| main ()
| {
| crypt ();
|   ;
|   return 0;
| }
configure:17668: result: no
configure:17673: checking for crypt in -lc
configure:17704: gcc -o conftest -O2     conftest.c -lc   >&5
configure:17707: $? = 0
configure:17710: test -s conftest
configure:17713: $? = 0
configure:17725: result: yes
configure:17752: checking for socklen_t
configure:17792: g++ -c -Wnon-virtual-dtor -Wno-long-long -Wundef -Wall -pedantic -W -Wpointer-arith -Wwrite-strings -O2 -fno-exceptions -fno-check-new -fno-common  conftest.cc >&5
configure:17795: $? = 0
configure:17798: test -s conftest.o
configure:17801: $? = 0
configure:17864: result: socklen_t
configure:17886: checking for dnet_ntoa in -ldnet
configure:17917: gcc -o conftest -O2     conftest.c -ldnet   >&5
ld: library not found for -ldnet
clang: error: linker command failed with exit code 1 (use -v to see invocation)
configure:17920: $? = 1
configure: failed program was:
| /* #line 17893 "configure" */
| /* confdefs.h.  */
| 
| #define PACKAGE_NAME ""
| #define PACKAGE_TARNAME ""
| #define PACKAGE_VERSION ""
| #define PACKAGE_STRING ""
| #define PACKAGE_BUGREPORT ""
| #define PACKAGE "tuxsaver"
| #define VERSION "1.0"
| #ifdef __cplusplus
| #include <stdlib.h>
| #endif
| #define KDELIBSUFF ""
| #define STDC_HEADERS 1
| #define HAVE_SYS_TYPES_H 1
| #define HAVE_SYS_STAT_H 1
| #define HAVE_STDLIB_H 1
| #define HAVE_STRING_H 1
| #define HAVE_MEMORY_H 1
| #define HAVE_STRINGS_H 1
| #define HAVE_INTTYPES_H 1
| #define HAVE_STDINT_H 1
| #define HAVE_UNISTD_H 1
| #define HAVE_DLFCN_H 1
| #define HAVE_STRLCAT 1
| #define HAVE_STRLCAT_PROTO 1
| #define HAVE_STRLCPY 1
| #define HAVE_STRLCPY_PROTO 1
| #define HAVE_CRYPT 1
| #define ksize_t socklen_t
| /* end confdefs.h.  */
| 
| /* Override any gcc2 internal prototype to avoid an error.  */
| #ifdef __cplusplus
| extern "C"
| #endif
| /* We use char because int might match the return type of a gcc2
|    builtin and then its argument prototype would still apply.  */
| char dnet_ntoa ();
| int
| main ()
| {
| dnet_ntoa ();
|   ;
|   return 0;
| }
configure:17938: result: no
configure:17945: checking for dnet_ntoa in -ldnet_stub
configure:17976: gcc -o conftest -O2     conftest.c -ldnet_stub   >&5
ld: library not found for -ldnet_stub
clang: error: linker command failed with exit code 1 (use -v to see invocation)
configure:17979: $? = 1
configure: failed program was:
| /* #line 17952 "configure" */
| /* confdefs.h.  */
| 
| #define PACKAGE_NAME ""
| #define PACKAGE_TARNAME ""
| #define PACKAGE_VERSION ""
| #define PACKAGE_STRING ""
| #define PACKAGE_BUGREPORT ""
| #define PACKAGE "tuxsaver"
| #define VERSION "1.0"
| #ifdef __cplusplus
| #include <stdlib.h>
| #endif
| #define KDELIBSUFF ""
| #define STDC_HEADERS 1
| #define HAVE_SYS_TYPES_H 1
| #define HAVE_SYS_STAT_H 1
| #define HAVE_STDLIB_H 1
| #define HAVE_STRING_H 1
| #define HAVE_MEMORY_H 1
| #define HAVE_STRINGS_H 1
| #define HAVE_INTTYPES_H 1
| #define HAVE_STDINT_H 1
| #define HAVE_UNISTD_H 1
| #define HAVE_DLFCN_H 1
| #define HAVE_STRLCAT 1
| #define HAVE_STRLCAT_PROTO 1
| #define HAVE_STRLCPY 1
| #define HAVE_STRLCPY_PROTO 1
| #define HAVE_CRYPT 1
| #define ksize_t socklen_t
| /* end confdefs.h.  */
| 
| /* Override any gcc2 internal prototype to avoid an error.  */
| #ifdef __cplusplus
| extern "C"
| #endif
| /* We use char because int might match the return type of a gcc2
|    builtin and then its argument prototype would still apply.  */
| char dnet_ntoa ();
| int
| main ()
| {
| dnet_ntoa ();
|   ;
|   return 0;
| }
configure:17997: result: no
configure:18004: checking for inet_ntoa
configure:18054: gcc -o conftest -O2     conftest.c  >&5
configure:18057: $? = 0
configure:18060: test -s conftest
configure:18063: $? = 0
configure:18074: result: yes
configure:18137: checking for connect
configure:18187: gcc -o conftest -O2     conftest.c  >&5
configure:18190: $? = 0
configure:18193: test -s conftest
configure:18196: $? = 0
configure:18207: result: yes
configure:18271: checking for remove
configure:18321: gcc -o conftest -O2     conftest.c  >&5
configure:18324: $? = 0
configure:18327: test -s conftest
configure:18330: $? = 0
configure:18341: result: yes
configure:18406: checking for shmat
configure:18456: gcc -o conftest -O2     conftest.c  >&5
configure:18459: $? = 0
configure:18462: test -s conftest
configure:18465: $? = 0
configure:18476: result: yes
configure:18549: checking for sys/types.h
configure:18554: result: yes
configure:18549: checking for stdint.h
configure:18554: result: yes
configure:18688: checking for poll in -lpoll
configure:18719: gcc -o conftest -O2     conftest.c -lpoll   >&5
configure:18722: $? = 0
configure:18725: test -s conftest
configure:18728: $? = 0
configure:18740: result: yes
configure:18758: checking CoreAudio/CoreAudio.h usability
configure:18771: gcc -c -O2    conftest.c >&5
configure:18774: $? = 0
configure:18777: test -s conftest.o
configure:18780: $? = 0
configure:18790: result: yes
configure:18794: checking CoreAudio/CoreAudio.h presence
configure:18805: gcc -E  conftest.c
configure:18811: $? = 0
configure:18830: result: yes
configure:18866: checking for CoreAudio/CoreAudio.h
configure:18873: result: yes
configure:18891: checking if res_init needs -lresolv
configure:18919: gcc -o conftest -O2     conftest.c   -lresolv >&5
configure:18922: $? = 0
configure:18925: test -s conftest
configure:18928: $? = 0
configure:18932: result: yes
configure:18952: checking if res_init is available
configure:18978: gcc -c -O2    conftest.c >&5
configure:18981: $? = 0
configure:18984: test -s conftest.o
configure:18987: $? = 0
configure:18990: result: yes
configure:19013: checking for killpg in -lucb
configure:19044: gcc -o conftest -O2     conftest.c -lucb   >&5
ld: library not found for -lucb
clang: error: linker command failed with exit code 1 (use -v to see invocation)
configure:19047: $? = 1
configure: failed program was:
| /* #line 19020 "configure" */
| /* confdefs.h.  */
| 
| #define PACKAGE_NAME ""
| #define PACKAGE_TARNAME ""
| #define PACKAGE_VERSION ""
| #define PACKAGE_STRING ""
| #define PACKAGE_BUGREPORT ""
| #define PACKAGE "tuxsaver"
| #define VERSION "1.0"
| #ifdef __cplusplus
| #include <stdlib.h>
| #endif
| #define KDELIBSUFF ""
| #define STDC_HEADERS 1
| #define HAVE_SYS_TYPES_H 1
| #define HAVE_SYS_STAT_H 1
| #define HAVE_STDLIB_H 1
| #define HAVE_STRING_H 1
| #define HAVE_MEMORY_H 1
| #define HAVE_STRINGS_H 1
| #define HAVE_INTTYPES_H 1
| #define HAVE_STDINT_H 1
| #define HAVE_UNISTD_H 1
| #define HAVE_DLFCN_H 1
| #define HAVE_STRLCAT 1
| #define HAVE_STRLCAT_PROTO 1
| #define HAVE_STRLCPY 1
| #define HAVE_STRLCPY_PROTO 1
| #define HAVE_CRYPT 1
| #define ksize_t socklen_t
| #define HAVE_SYS_TYPES_H 1
| #define HAVE_STDINT_H 1
| #define HAVE_COREAUDIO 1
| #define HAVE_RES_INIT 1
| #define HAVE_RES_INIT 1
| /* end confdefs.h.  */
| 
| /* Override any gcc2 internal prototype to avoid an error.  */
| #ifdef __cplusplus
| extern "C"
| #endif
| /* We use char because int might match the return type of a gcc2
|    builtin and then its argument prototype would still apply.  */
| char killpg ();
| int
| main ()
| {
| killpg ();
|   ;
|   return 0;
| }
configure:19065: result: no
configure:19138: checking for int
configure:19163: gcc -c -O2    conftest.c >&5
configure:19166: $? = 0
configure:19169: test -s conftest.o
configure:19172: $? = 0
configure:19183: result: yes
configure:19186: checking size of int
configure:19461: gcc -o conftest -O2     conftest.c  >&5
configure:19464: $? = 0
configure:19466: ./conftest
configure:19469: $? = 0
configure:19492: result: 4
configure:19498: checking for long
configure:19523: gcc -c -O2    conftest.c >&5
configure:19526: $? = 0
configure:19529: test -s conftest.o
configure:19532: $? = 0
configure:19543: result: yes
configure:19546: checking size of long
configure:19821: gcc -o conftest -O2     conftest.c  >&5
configure:19824: $? = 0
configure:19826: ./conftest
configure:19829: $? = 0
configure:19852: result: 8
configure:19858: checking for char *
configure:19883: gcc -c -O2    conftest.c >&5
configure:19886: $? = 0
configure:19889: test -s conftest.o
configure:19892: $? = 0
configure:19903: result: yes
configure:19906: checking size of char *
configure:20181: gcc -o conftest -O2     conftest.c  >&5
configure:20184: $? = 0
configure:20186: ./conftest
configure:20189: $? = 0
configure:20212: result: 8
configure:20220: checking for dlopen in -ldl
configure:20251: gcc -o conftest -O2     conftest.c -ldl   >&5
configure:20254: $? = 0
configure:20257: test -s conftest
configure:20260: $? = 0
configure:20272: result: yes
configure:20282: checking for shl_unload in -ldld
configure:20313: gcc -o conftest -O2     conftest.c -ldld   >&5
ld: library not found for -ldld
clang: error: linker command failed with exit code 1 (use -v to see invocation)
configure:20316: $? = 1
configure: failed program was:
| /* #line 20289 "configure" */
| /* confdefs.h.  */
| 
| #define PACKAGE_NAME ""
| #define PACKAGE_TARNAME ""
| #define PACKAGE_VERSION ""
| #define PACKAGE_STRING ""
| #define PACKAGE_BUGREPORT ""
| #define PACKAGE "tuxsaver"
| #define VERSION "1.0"
| #ifdef __cplusplus
| #include <stdlib.h>
| #endif
| #define KDELIBSUFF ""
| #define STDC_HEADERS 1
| #define HAVE_SYS_TYPES_H 1
| #define HAVE_SYS_STAT_H 1
| #define HAVE_STDLIB_H 1
| #define HAVE_STRING_H 1
| #define HAVE_MEMORY_H 1
| #define HAVE_STRINGS_H 1
| #define HAVE_INTTYPES_H 1
| #define HAVE_STDINT_H 1
| #define HAVE_UNISTD_H 1
| #define HAVE_DLFCN_H 1
| #define HAVE_STRLCAT 1
| #define HAVE_STRLCAT_PROTO 1
| #define HAVE_STRLCPY 1
| #define HAVE_STRLCPY_PROTO 1
| #define HAVE_CRYPT 1
| #define ksize_t socklen_t
| #define HAVE_SYS_TYPES_H 1
| #define HAVE_STDINT_H 1
| #define HAVE_COREAUDIO 1
| #define HAVE_RES_INIT 1
| #define HAVE_RES_INIT 1
| #define SIZEOF_INT 4
| #define SIZEOF_LONG 8
| #define SIZEOF_CHAR_P 8
| /* end confdefs.h.  */
| 
| /* Override any gcc2 internal prototype to avoid an error.  */
| #ifdef __cplusplus
| extern "C"
| #endif
| /* We use char because int might match the return type of a gcc2
|    builtin and then its argument prototype would still apply.  */
| char shl_unload ();
| int
| main ()
| {
| shl_unload ();
|   ;
|   return 0;
| }
configure:20334: result: no
configure:20349: checking for size_t
configure:20374: gcc -c -O2    conftest.c >&5
configure:20377: $? = 0
configure:20380: test -s conftest.o
configure:20383: $? = 0
configure:20394: result: yes
configure:20397: checking size of size_t
configure:20672: gcc -o conftest -O2     conftest.c  >&5
configure:20675: $? = 0
configure:20677: ./conftest
configure:20680: $? = 0
configure:20703: result: 8
configure:20710: checking for unsigned long
configure:20735: gcc -c -O2    conftest.c >&5
configure:20738: $? = 0
configure:20741: test -s conftest.o
configure:20744: $? = 0
configure:20755: result: yes
configure:20758: checking size of unsigned long
configure:21033: gcc -o conftest -O2     conftest.c  >&5
configure:21036: $? = 0
configure:21038: ./conftest
configure:21041: $? = 0
configure:21064: result: 8
configure:21072: checking sizeof size_t == sizeof unsigned long
configure:21095: gcc -c -O2    conftest.c >&5
configure:21098: $? = 0
configure:21101: test -s conftest.o
configure:21104: $? = 0
configure:21106: result: yes
configure:21144: checking crt_externs.h usability
configure:21157: gcc -c -O2    conftest.c >&5
configure:21160: $? = 0
configure:21163: test -s conftest.o
configure:21166: $? = 0
configure:21176: result: yes
configure:21180: checking crt_externs.h presence
configure:21191: gcc -E  conftest.c
configure:21197: $? = 0
configure:21216: result: yes
configure:21252: checking for crt_externs.h
configure:21259: result: yes
configure:21272: checking for _NSGetEnviron
configure:21322: gcc -o conftest -O2     conftest.c  >&5
configure:21325: $? = 0
configure:21328: test -s conftest
configure:21331: $? = 0
configure:21342: result: yes
configure:21364: checking for vsnprintf
configure:21414: gcc -o conftest -O2     conftest.c  >&5
conftest.c:61:6: warning: incompatible redeclaration of library function 'vsnprintf' [-Wincompatible-library-redeclaration]
char vsnprintf ();
     ^
conftest.c:61:6: note: 'vsnprintf' is a builtin with type 'int (char *, unsigned long, const char *, struct __va_list_tag *)'
1 warning generated.
configure:21417: $? = 0
configure:21420: test -s conftest
configure:21423: $? = 0
configure:21434: result: yes
configure:21364: checking for snprintf
configure:21414: gcc -o conftest -O2     conftest.c  >&5
conftest.c:62:6: warning: incompatible redeclaration of library function 'snprintf' [-Wincompatible-library-redeclaration]
char snprintf ();
     ^
conftest.c:62:6: note: 'snprintf' is a builtin with type 'int (char *, unsigned long, const char *, ...)'
1 warning generated.
configure:21417: $? = 0
configure:21420: test -s conftest
configure:21423: $? = 0
configure:21434: result: yes
configure:21481: checking for X
configure:21527: gcc -E  conftest.c
conftest.c:47:10: fatal error: 'X11/Intrinsic.h' file not found
#include <X11/Intrinsic.h>
         ^~~~~~~~~~~~~~~~~
1 error generated.
configure:21533: $? = 1
configure: failed program was:
| /* #line 21518 "configure" */
| /* confdefs.h.  */
| 
| #define PACKAGE_NAME ""
| #define PACKAGE_TARNAME ""
| #define PACKAGE_VERSION ""
| #define PACKAGE_STRING ""
| #define PACKAGE_BUGREPORT ""
| #define PACKAGE "tuxsaver"
| #define VERSION "1.0"
| #ifdef __cplusplus
| #include <stdlib.h>
| #endif
| #define KDELIBSUFF ""
| #define STDC_HEADERS 1
| #define HAVE_SYS_TYPES_H 1
| #define HAVE_SYS_STAT_H 1
| #define HAVE_STDLIB_H 1
| #define HAVE_STRING_H 1
| #define HAVE_MEMORY_H 1
| #define HAVE_STRINGS_H 1
| #define HAVE_INTTYPES_H 1
| #define HAVE_STDINT_H 1
| #define HAVE_UNISTD_H 1
| #define HAVE_DLFCN_H 1
| #define HAVE_STRLCAT 1
| #define HAVE_STRLCAT_PROTO 1
| #define HAVE_STRLCPY 1
| #define HAVE_STRLCPY_PROTO 1
| #define HAVE_CRYPT 1
| #define ksize_t socklen_t
| #define HAVE_SYS_TYPES_H 1
| #define HAVE_STDINT_H 1
| #define HAVE_COREAUDIO 1
| #define HAVE_RES_INIT 1
| #define HAVE_RES_INIT 1
| #define SIZEOF_INT 4
| #define SIZEOF_LONG 8
| #define SIZEOF_CHAR_P 8
| #define SIZEOF_SIZE_T 8
| #define SIZEOF_UNSIGNED_LONG 8
| #define HAVE_CRT_EXTERNS_H 1
| #define HAVE_NSGETENVIRON 1
| #define HAVE_VSNPRINTF 1
| #define HAVE_SNPRINTF 1
| /* end confdefs.h.  */
| #include <X11/Intrinsic.h>
configure:21624: gcc -o conftest -O2     conftest.c -lXt  >&5
conftest.c:51:1: warning: implicit declaration of function 'XtMalloc' is invalid in C99 [-Wimplicit-function-declaration]
XtMalloc()
^
1 warning generated.
ld: library not found for -lXt
clang: error: linker command failed with exit code 1 (use -v to see invocation)
configure:21627: $? = 1
configure: failed program was:
| /* #line 21607 "configure" */
| /* confdefs.h.  */
| 
| #define PACKAGE_NAME ""
| #define PACKAGE_TARNAME ""
| #define PACKAGE_VERSION ""
| #define PACKAGE_STRING ""
| #define PACKAGE_BUGREPORT ""
| #define PACKAGE "tuxsaver"
| #define VERSION "1.0"
| #ifdef __cplusplus
| #include <stdlib.h>
| #endif
| #define KDELIBSUFF ""
| #define STDC_HEADERS 1
| #define HAVE_SYS_TYPES_H 1
| #define HAVE_SYS_STAT_H 1
| #define HAVE_STDLIB_H 1
| #define HAVE_STRING_H 1
| #define HAVE_MEMORY_H 1
| #define HAVE_STRINGS_H 1
| #define HAVE_INTTYPES_H 1
| #define HAVE_STDINT_H 1
| #define HAVE_UNISTD_H 1
| #define HAVE_DLFCN_H 1
| #define HAVE_STRLCAT 1
| #define HAVE_STRLCAT_PROTO 1
| #define HAVE_STRLCPY 1
| #define HAVE_STRLCPY_PROTO 1
| #define HAVE_CRYPT 1
| #define ksize_t socklen_t
| #define HAVE_SYS_TYPES_H 1
| #define HAVE_STDINT_H 1
| #define HAVE_COREAUDIO 1
| #define HAVE_RES_INIT 1
| #define HAVE_RES_INIT 1
| #define SIZEOF_INT 4
| #define SIZEOF_LONG 8
| #define SIZEOF_CHAR_P 8
| #define SIZEOF_SIZE_T 8
| #define SIZEOF_UNSIGNED_LONG 8
| #define HAVE_CRT_EXTERNS_H 1
| #define HAVE_NSGETENVIRON 1
| #define HAVE_VSNPRINTF 1
| #define HAVE_SNPRINTF 1
| /* end confdefs.h.  */
| 
| int
| main ()
| {
| XtMalloc()
|   ;
|   return 0;
| }
configure:21754: error: Can't find X includes. Please check your installation and add the correct paths!

## ---------------- ##
## Cache variables. ##
## ---------------- ##

ac_cv_build=i386-apple-darwin18.6.0
ac_cv_build_alias=i386-apple-darwin18.6.0
ac_cv_c_compiler_gnu=yes
ac_cv_cxx_compiler_gnu=yes
ac_cv_env_CC_set=
ac_cv_env_CC_value=
ac_cv_env_CFLAGS_set=
ac_cv_env_CFLAGS_value=
ac_cv_env_CPPFLAGS_set=
ac_cv_env_CPPFLAGS_value=
ac_cv_env_CPP_set=
ac_cv_env_CPP_value=
ac_cv_env_CXXCPP_set=
ac_cv_env_CXXCPP_value=
ac_cv_env_CXXFLAGS_set=
ac_cv_env_CXXFLAGS_value=
ac_cv_env_CXX_set=
ac_cv_env_CXX_value=
ac_cv_env_LDFLAGS_set=
ac_cv_env_LDFLAGS_value=
ac_cv_env_build_alias_set=
ac_cv_env_build_alias_value=
ac_cv_env_host_alias_set=
ac_cv_env_host_alias_value=
ac_cv_env_target_alias_set=
ac_cv_env_target_alias_value=
ac_cv_exeext=
ac_cv_func__NSGetEnviron=yes
ac_cv_func_connect=yes
ac_cv_func_inet_ntoa=yes
ac_cv_func_remove=yes
ac_cv_func_shmat=yes
ac_cv_func_snprintf=yes
ac_cv_func_vsnprintf=yes
ac_cv_have_dlfcn=yes
ac_cv_header_CoreAudio_CoreAudio_h=yes
ac_cv_header_crt_externs_h=yes
ac_cv_header_dlfcn_h=yes
ac_cv_header_inttypes_h=yes
ac_cv_header_memory_h=yes
ac_cv_header_stdc=yes
ac_cv_header_stdint_h=yes
ac_cv_header_stdlib_h=yes
ac_cv_header_string_h=yes
ac_cv_header_strings_h=yes
ac_cv_header_sys_stat_h=yes
ac_cv_header_sys_types_h=yes
ac_cv_header_unistd_h=yes
ac_cv_host=i386-apple-darwin18.6.0
ac_cv_host_alias=i386-apple-darwin18.6.0
ac_cv_lib_c_crypt=yes
ac_cv_lib_compat_main=no
ac_cv_lib_crypt_crypt=no
ac_cv_lib_dl_dlopen=yes
ac_cv_lib_dld_shl_unload=no
ac_cv_lib_dnet_dnet_ntoa=no
ac_cv_lib_dnet_stub_dnet_ntoa=no
ac_cv_lib_poll_poll=yes
ac_cv_lib_ucb_killpg=no
ac_cv_lib_util_main=yes
ac_cv_objext=o
ac_cv_path_GMSGFMT=msgfmt
ac_cv_path_MSGFMT=msgfmt
ac_cv_path_XGETTEXT=:
ac_cv_path_install='/usr/bin/install -c'
ac_cv_prog_AWK=awk
ac_cv_prog_CPP='gcc -E'
ac_cv_prog_CXXCPP='g++ -E'
ac_cv_prog_ac_ct_CC=gcc
ac_cv_prog_ac_ct_CXX=g++
ac_cv_prog_ac_ct_RANLIB=ranlib
ac_cv_prog_ac_ct_STRIP=strip
ac_cv_prog_cc_g=yes
ac_cv_prog_cc_stdc=
ac_cv_prog_cxx_g=yes
ac_cv_prog_egrep='grep -E'
ac_cv_prog_make_make_set=yes
ac_cv_sizeof_char_p=8
ac_cv_sizeof_int=4
ac_cv_sizeof_long=8
ac_cv_sizeof_size_t=8
ac_cv_sizeof_unsigned_long=8
ac_cv_socklen_t=socklen_t
ac_cv_target=i386-apple-darwin18.6.0
ac_cv_target_alias=i386-apple-darwin18.6.0
ac_cv_type_char_p=yes
ac_cv_type_int=yes
ac_cv_type_long=yes
ac_cv_type_size_t=yes
ac_cv_type_unsigned_long=yes
am_cv_CC_dependencies_compiler_type=gcc3
am_cv_CXX_dependencies_compiler_type=gcc3
kde_cv_func_strlcat=yes
kde_cv_func_strlcpy=yes
kde_cv_prog_cxx_O0=yes
kde_cv_prog_cxx_Wno_long_long=yes
kde_cv_prog_cxx_Wnon_virtual_dtor=yes
kde_cv_prog_cxx_Wundef=yes
kde_cv_prog_cxx_fexceptions=yes
kde_cv_prog_cxx_fno_check_new=yes
kde_cv_prog_cxx_fno_common=yes
kde_cv_prog_cxx_fno_exceptions=yes
kde_cv_proto_strlcat=no
kde_cv_proto_strlcpy=no
lt_cv_deplibs_check_method='file_magic Mach-O dynamically linked shared library'
lt_cv_file_magic_cmd='/usr/bin/file -L'
lt_cv_file_magic_test_file=/usr/lib/libSystem.dylib
lt_cv_ld_reload_flag=-r
lt_cv_objdir=.libs
lt_cv_path_LD=/Applications/Xcode.app/Contents/Developer/Toolchains/XcodeDefault.xctoolchain/usr/bin/ld
lt_cv_path_NM='/usr/bin/nm -B'
lt_cv_path_SED=/usr/bin/sed
lt_cv_prog_compiler_c_o=yes
lt_cv_prog_compiler_c_o_CXX=yes
lt_cv_prog_compiler_c_o_GCJ=no
lt_cv_prog_compiler_rtti_exceptions=yes
lt_cv_prog_gnu_ld=no
lt_cv_sys_global_symbol_pipe='sed -n -e '\''s/^.*[ 	]\([BCDEGRST][BCDEGRST]*\)[ 	][ 	]*\(_\)\([_A-Za-z][_A-Za-z0-9]*\)$/\1 \2\3 \3/p'\'''
lt_cv_sys_global_symbol_to_c_name_address='sed -n -e '\''s/^: \([^ ]*\) $/  {\"\1\", (lt_ptr) 0},/p'\'' -e '\''s/^[BCDEGRST] \([^ ]*\) \([^ ]*\)$/  {"\2", (lt_ptr) \&\2},/p'\'''
lt_cv_sys_global_symbol_to_cdecl='sed -n -e '\''s/^. .* \(.*\)$/extern int \1;/p'\'''
lt_cv_sys_max_cmd_len=65536
lt_lt_cv_prog_compiler_c_o='"yes"'
lt_lt_cv_prog_compiler_c_o_CXX='"yes"'
lt_lt_cv_prog_compiler_c_o_GCJ='"no"'
lt_lt_cv_sys_global_symbol_pipe='"sed -n -e '\''s/^.*[ 	]\\([BCDEGRST][BCDEGRST]*\\)[ 	][ 	]*\\(_\\)\\([_A-Za-z][_A-Za-z0-9]*\\)\$/\\1 \\2\\3 \\3/p'\''"'
lt_lt_cv_sys_global_symbol_to_c_name_address='"sed -n -e '\''s/^: \\([^ ]*\\) \$/  {\\\"\\1\\\", (lt_ptr) 0},/p'\'' -e '\''s/^[BCDEGRST] \\([^ ]*\\) \\([^ ]*\\)\$/  {\"\\2\", (lt_ptr) \\&\\2},/p'\''"'
lt_lt_cv_sys_global_symbol_to_cdecl='"sed -n -e '\''s/^. .* \\(.*\\)\$/extern int \\1;/p'\''"'

## ----------------- ##
## Output variables. ##
## ----------------- ##

ACLOCAL='${SHELL} /Users/leonardo/Projetos/tuxsaver/admin/missing --run aclocal-1.7'
AMDEPBACKSLASH='\'
AMDEP_FALSE='#'
AMDEP_TRUE=''
AMTAR='${SHELL} /Users/leonardo/Projetos/tuxsaver/admin/missing --run tar'
ARTSCCONFIG=''
AUTOCONF='${SHELL} /Users/leonardo/Projetos/tuxsaver/admin/missing --run autoconf'
AUTODIRS=''
AUTOHEADER='${SHELL} /Users/leonardo/Projetos/tuxsaver/admin/missing --run autoheader'
AUTOMAKE='${SHELL} /Users/leonardo/Projetos/tuxsaver/admin/missing --run automake-1.7'
AWK='awk'
BROCKENBORING=''
CC='gcc'
CCDEPMODE='depmode=gcc3'
CFLAGS='-O2  '
CONF_FILES=' $(top_srcdir)/./admin/configure.in.min $(top_srcdir)/configure.in.in'
CPP='gcc -E'
CPPFLAGS=''
CXX='g++'
CXXCPP='g++ -E'
CXXDEPMODE='depmode=gcc3'
CXXFLAGS='-Wnon-virtual-dtor -Wno-long-long -Wundef -Wall -pedantic -W -Wpointer-arith -Wwrite-strings -O2 -fno-exceptions -fno-check-new -fno-common'
CYGPATH_W='echo'
DCOPIDL2CPP=''
DCOPIDL=''
DCOP_DEPENDENCIES=''
DEFS=''
DEPDIR='.deps'
ECHO='/bin/echo'
ECHO_C='ECHO_N=''
ECHO_T=''
EGREP='grep -E'
EXEEXT=''
FRAMEWORK_COREAUDIO='-Xlinker -framework -Xlinker CoreAudio'
GMSGFMT=':'
INSTALL_DATA='${INSTALL} -m 644'
INSTALL_PROGRAM='${INSTALL} $(INSTALL_STRIP_FLAG)'
INSTALL_SCRIPT='${INSTALL}'
INSTALL_STRIP_PROGRAM='${SHELL} $(install_sh) -c -s'
KDECONFIG=''
KDE_EXTRA_RPATH=''
KDE_INCLUDES=''
KDE_LDFLAGS=''
KDE_MT_LDFLAGS=''
KDE_MT_LIBS=''
KDE_NO_UNDEFINED=''
KDE_PLUGIN='-avoid-version -module -no-undefined $(KDE_NO_UNDEFINED) $(KDE_RPATH) $(KDE_MT_LDFLAGS)'
KDE_RPATH=''
KDE_USE_CLOSURE_FALSE='#'
KDE_USE_CLOSURE_TRUE=''
KDE_USE_FINAL_FALSE=''
KDE_USE_FINAL_TRUE='#'
KDE_USE_NMCHECK_FALSE=''
KDE_USE_NMCHECK_TRUE='#'
KDE_XSL_STYLESHEET=''
LDFLAGS=''
LIBCOMPAT=''
LIBCRYPT=''
LIBDL='-ldl'
LIBJPEG=''
LIBOBJS=''
LIBPNG=''
LIBPTHREAD=''
LIBRESOLV='-lresolv'
LIBS=''
LIBSM=''
LIBSOCKET=''
LIBTOOL='$(SHELL) $(top_builddir)/libtool --silent'
LIBUCB=''
LIBUTIL='-lutil'
LIBZ=''
LIB_KAB=''
LIB_KABC=''
LIB_KDECORE=''
LIB_KDEPRINT=''
LIB_KDEUI=''
LIB_KFILE=''
LIB_KFM=''
LIB_KHTML=''
LIB_KIO=''
LIB_KPARTS=''
LIB_KSPELL=''
LIB_KSYCOCA=''
LIB_POLL='-lpoll'
LIB_QPE=''
LIB_QT=''
LIB_SMB=''
LIB_X11=''
LIB_XEXT=''
LIB_XRENDER=''
LN_S='ln -s'
LTLIBOBJS=''
MAKEINFO='${SHELL} /Users/leonardo/Projetos/tuxsaver/admin/missing --run makeinfo'
MCOPIDL=''
MEINPROC=''
MOC=''
MSGFMT=':'
NOOPT_CFLAGS='-O0'
NOOPT_CXXFLAGS='-O0'
OBJEXT='o'
PACKAGE='tuxsaver'
PACKAGE_BUGREPORT=''
PACKAGE_NAME=''
PACKAGE_STRING=''
PACKAGE_TARNAME=''
PACKAGE_VERSION=''
PATH_SEPARATOR=':'
QTE_NORTTI=''
QT_INCLUDES=''
QT_LDFLAGS=''
RANLIB='ranlib'
SET_MAKE=''
SHELL='/bin/sh'
STRIP='strip'
TOPSUBDIRS=''
UIC=''
UIC_TR=''
USER_INCLUDES=''
USER_LDFLAGS=''
USE_EXCEPTIONS='-fexceptions'
USE_RTTI=''
USE_THREADS=''
VERSION='1.0'
WOVERLOADED_VIRTUAL=''
XGETTEXT=':'
X_EXTRA_LIBS=''
X_INCLUDES=''
X_LDFLAGS=''
X_PRE_LIBS=''
X_RPATH=''
ac_ct_CC='gcc'
ac_ct_CXX='g++'
ac_ct_RANLIB='ranlib'
ac_ct_STRIP='strip'
all_includes=''
all_libraries=''
am__fastdepCC_FALSE='#'
am__fastdepCC_TRUE=''
am__fastdepCXX_FALSE='#'
am__fastdepCXX_TRUE=''
am__include='include'
am__leading_dot='.'
am__quote=''
bindir='${exec_prefix}/bin'
build='i386-apple-darwin18.6.0'
build_alias=''
build_cpu='i386'
build_os='darwin18.6.0'
build_vendor='apple'
datadir='${prefix}/share'
exec_prefix='NONE'
host='i386-apple-darwin18.6.0'
host_alias=''
host_cpu='i386'
host_os='darwin18.6.0'
host_vendor='apple'
include_ARTS_FALSE=''
include_ARTS_TRUE=''
includedir='${prefix}/include'
infodir='${prefix}/info'
install_sh='/Users/leonardo/Projetos/tuxsaver/admin/install-sh'
kde_appsdir=''
kde_bindir=''
kde_confdir=''
kde_datadir=''
kde_htmldir=''
kde_icondir=''
kde_includes=''
kde_libraries=''
kde_libs_htmldir=''
kde_libs_prefix=''
kde_locale=''
kde_mimedir=''
kde_moduledir=''
kde_qtver='3'
kde_servicesdir=''
kde_servicetypesdir=''
kde_sounddir=''
kde_styledir=''
kde_templatesdir=''
kde_wallpaperdir=''
kde_widgetdir=''
kdeinitdir=''
libdir='${exec_prefix}/lib'
libexecdir='${exec_prefix}/libexec'
localstatedir='${prefix}/var'
mandir='${prefix}/man'
oldincludedir='/usr/include'
prefix='/usr/local/kde'
program_transform_name='s,x,x,'
qt_includes=''
qt_libraries=''
sbindir='${exec_prefix}/sbin'
sharedstatedir='${prefix}/com'
sysconfdir='${prefix}/etc'
target='i386-apple-darwin18.6.0'
target_alias=''
target_cpu='i386'
target_os='darwin18.6.0'
target_vendor='apple'
x_includes='NONE'
x_libraries='NONE'
xdg_appsdir=''
xdg_directorydir=''

## ----------- ##
## confdefs.h. ##
## ----------- ##

#define HAVE_COREAUDIO 1
#define HAVE_CRT_EXTERNS_H 1
#define HAVE_CRYPT 1
#define HAVE_DLFCN_H 1
#define HAVE_INTTYPES_H 1
#define HAVE_MEMORY_H 1
#define HAVE_NSGETENVIRON 1
#define HAVE_RES_INIT 1
#define HAVE_RES_INIT 1
#define HAVE_SNPRINTF 1
#define HAVE_STDINT_H 1
#define HAVE_STDINT_H 1
#define HAVE_STDLIB_H 1
#define HAVE_STRINGS_H 1
#define HAVE_STRING_H 1
#define HAVE_STRLCAT 1
#define HAVE_STRLCAT_PROTO 1
#define HAVE_STRLCPY 1
#define HAVE_STRLCPY_PROTO 1
#define HAVE_SYS_STAT_H 1
#define HAVE_SYS_TYPES_H 1
#define HAVE_SYS_TYPES_H 1
#define HAVE_UNISTD_H 1
#define HAVE_VSNPRINTF 1
#define KDELIBSUFF ""
#define PACKAGE "tuxsaver"
#define PACKAGE_BUGREPORT ""
#define PACKAGE_NAME ""
#define PACKAGE_STRING ""
#define PACKAGE_TARNAME ""
#define PACKAGE_VERSION ""
#define SIZEOF_CHAR_P 8
#define SIZEOF_INT 4
#define SIZEOF_LONG 8
#define SIZEOF_SIZE_T 8
#define SIZEOF_UNSIGNED_LONG 8
#define STDC_HEADERS 1
#define VERSION "1.0"
#define ksize_t socklen_t
#endif
#ifdef __cplusplus
#include <stdlib.h>

configure: exit 1
